This is pdfTeX, Version 3.141592653-2.6-1.40.27 (MiKTeX 25.4) (preloaded format=pdflatex 2025.11.19)  19 NOV 2025 13:17
entering extended mode
 restricted \write18 enabled.
 file:line:error style messages enabled.
 %&-line parsing enabled.
**"c:/Users/Erik/Desktop/Universidad/Docencia/Auxiliares/Auxiliares/Primavera 2
025/EL3204 - Analisis de sistemas dinamicos - Primavera 2025/EL3204_12/EL3204_1
2.tex"

(c:/Users/Erik/Desktop/Universidad/Docencia/Auxiliares/Auxiliares/Primavera 202
5/EL3204 - Analisis de sistemas dinamicos - Primavera 2025/EL3204_12/EL3204_12.
tex
LaTeX2e <2025-11-01>
L3 programming layer <2025-10-24>
(C:\Users\Erik\AppData\Local\Programs\MiKTeX\tex/latex/exam\exam.cls
Document Class: exam 2023/07/09 Version 2.704 by Philip Hirschhorn
(C:\Users\Erik\AppData\Local\Programs\MiKTeX\tex/latex/base\ifthen.sty
Package: ifthen 2024/03/16 v1.1e Standard LaTeX ifthen package (DPC)
)
(C:\Users\Erik\AppData\Local\Programs\MiKTeX\tex/latex/base\article.cls
Document Class: article 2025/01/22 v1.4n Standard LaTeX document class
(C:\Users\Erik\AppData\Local\Programs\MiKTeX\tex/latex/base\size11.clo
File: size11.clo 2025/01/22 v1.4n Standard LaTeX file (size option)
)
\c@part=\count275
\c@section=\count276
\c@subsection=\count277
\c@subsubsection=\count278
\c@paragraph=\count279
\c@subparagraph=\count280
\c@figure=\count281
\c@table=\count282
\abovecaptionskip=\skip49
\belowcaptionskip=\skip50
\bibindent=\dimen148
)
\@extrawidth=\skip51
\@rightmargin=\skip52
\@extrahead=\skip53
\@extrafoot=\skip54
\run@exhd=\skip55
\fp@exhd=\skip56
\run@exft=\skip57
\fp@exft=\skip58
\covrun@exhd=\skip59
\covfp@exhd=\skip60
\covrun@exft=\skip61
\covfp@exft=\skip62
\c@num@coverpages=\count283
\c@latest@ques=\count284
\c@ques@end=\count285
\c@last@object=\count286
\c@incmp@ques=\count287
\c@next@ques=\count288
\c@next@page=\count289
\c@tmp@hlfcntr=\count290
\c@ifpos@cntr=\count291
\c@question=\count292
\c@partno=\count293
\c@subpart=\count294
\c@subsubpart=\count295
\c@choice=\count296
\c@numpoints=\count297
\c@numbonuspoints=\count298
\c@pointsof@thisquestion=\count299
\c@bonuspointsof@thisquestion=\count300
\c@numquestions=\count301
\c@numparts=\count302
\c@numsubparts=\count303
\c@numsubsubparts=\count304
\c@Curr@Page=\count305
\c@@pagepoints=\count306
\c@@pagebonuspoints=\count307
\c@pageof@pagepoints=\count308
\c@pageof@pagebonuspoints=\count309
\c@latest@points=\count310
\c@latest@bonuspoints=\count311
\pageinfo@commands=\toks17
\temp@toks=\toks18
\pagepoint@commands=\toks19
\point@toks=\toks20
\c@ques@object=\count312
\marginpointssep=\skip63
\rightpointsmargin=\skip64
\choice@toks=\toks21
\answerlinelength=\skip65
\answerskip=\skip66
\answerclearance=\skip67
\fillinlinelength=\skip68
\linefillheight=\skip69
\linefillthickness=\skip70
\dottedlinefillheight=\skip71
\gridsize=\skip72
\gridlinewidth=\skip73
\minboxheight=\skip74
\c@@iterator=\count313
\@cellwidth=\skip75
\c@tbl@points=\count314
\c@tbl@bonuspoints=\count315
\c@pq@index=\count316
\c@pq@index@pts=\count317
\c@pq@index@bpts=\count318
\c@num@cols=\count319
\c@num@rows=\count320
\c@current@row=\count321
\c@cols@done=\count322
\c@exam@saved@eqnum=\count323
\exam@box=\box53
\saved@totalleftmargin=\dimen149
\@sollistdepth=\count324
\exam@FrameRule=\dimen150
\exam@FrameSep=\dimen151
)
(../exercise-preamble.sty

LaTeX Warning: You have requested file `',
               but the file provides `../exercise-preamble'.

Package: ../exercise-preamble 2023/04/30 Prof. Cassanelli custom LaTeX style
(C:\Users\Erik\AppData\Local\Programs\MiKTeX\tex/latex/xcolor\xcolor.sty
Package: xcolor 2024/09/29 v3.02 LaTeX color extensions (UK)

(C:\Users\Erik\AppData\Local\Programs\MiKTeX\tex/latex/graphics-cfg\color.cfg
File: color.cfg 2016/01/02 v1.6 sample color configuration
)
Package xcolor Info: Driver file: pdftex.def on input line 274.

(C:\Users\Erik\AppData\Local\Programs\MiKTeX\tex/latex/graphics-def\pdftex.def
File: pdftex.def 2025/09/29 v1.2d Graphics/color driver for pdftex
) (C:\Users\Erik\AppData\Local\Programs\MiKTeX\tex/latex/graphics\mathcolor.ltx
)
Package xcolor Info: Model `cmy' substituted by `cmy0' on input line 1349.
Package xcolor Info: Model `hsb' substituted by `rgb' on input line 1353.
Package xcolor Info: Model `RGB' extended on input line 1365.
Package xcolor Info: Model `HTML' substituted by `rgb' on input line 1367.
Package xcolor Info: Model `Hsb' substituted by `hsb' on input line 1368.
Package xcolor Info: Model `tHsb' substituted by `hsb' on input line 1369.
Package xcolor Info: Model `HSB' substituted by `hsb' on input line 1370.
Package xcolor Info: Model `Gray' substituted by `gray' on input line 1371.
Package xcolor Info: Model `wave' substituted by `hsb' on input line 1372.
) (C:\Users\Erik\AppData\Local\Programs\MiKTeX\tex/latex/graphics\dvipsnam.def
File: dvipsnam.def 2016/06/17 v3.0m Driver-dependent file (DPC,SPQR)
) (C:\Users\Erik\AppData\Local\Programs\MiKTeX\tex/latex/graphics\graphicx.sty
Package: graphicx 2024/12/31 v1.2e Enhanced LaTeX Graphics (DPC,SPQR)

(C:\Users\Erik\AppData\Local\Programs\MiKTeX\tex/latex/graphics\keyval.sty
Package: keyval 2022/05/29 v1.15 key=value parser (DPC)
\KV@toks@=\toks22
)
(C:\Users\Erik\AppData\Local\Programs\MiKTeX\tex/latex/graphics\graphics.sty
Package: graphics 2024/08/06 v1.4g Standard LaTeX Graphics (DPC,SPQR)

(C:\Users\Erik\AppData\Local\Programs\MiKTeX\tex/latex/graphics\trig.sty
Package: trig 2023/12/02 v1.11 sin cos tan (DPC)
)
(C:\Users\Erik\AppData\Local\Programs\MiKTeX\tex/latex/graphics-cfg\graphics.cf
g
File: graphics.cfg 2016/06/04 v1.11 sample graphics configuration
)
Package graphics Info: Driver file: pdftex.def on input line 106.
)
\Gin@req@height=\dimen152
\Gin@req@width=\dimen153
) (C:\Users\Erik\AppData\Local\Programs\MiKTeX\tex/latex/amsmath\amsmath.sty
Package: amsmath 2025/07/09 v2.17z AMS math features
\@mathmargin=\skip76
For additional information on amsmath, use the `?' option.
(C:\Users\Erik\AppData\Local\Programs\MiKTeX\tex/latex/amsmath\amstext.sty
Package: amstext 2024/11/17 v2.01 AMS text

(C:\Users\Erik\AppData\Local\Programs\MiKTeX\tex/latex/amsmath\amsgen.sty
File: amsgen.sty 1999/11/30 v2.0 generic functions
\@emptytoks=\toks23
\ex@=\dimen154
))
(C:\Users\Erik\AppData\Local\Programs\MiKTeX\tex/latex/amsmath\amsbsy.sty
Package: amsbsy 1999/11/29 v1.2d Bold Symbols
\pmbraise@=\dimen155
)
(C:\Users\Erik\AppData\Local\Programs\MiKTeX\tex/latex/amsmath\amsopn.sty
Package: amsopn 2022/04/08 v2.04 operator names
)
\inf@bad=\count325
LaTeX Info: Redefining \frac on input line 233.
\uproot@=\count326
\leftroot@=\count327
LaTeX Info: Redefining \overline on input line 398.
LaTeX Info: Redefining \colon on input line 409.
\classnum@=\count328
\DOTSCASE@=\count329
LaTeX Info: Redefining \ldots on input line 495.
LaTeX Info: Redefining \dots on input line 498.
LaTeX Info: Redefining \cdots on input line 619.
\Mathstrutbox@=\box54
\strutbox@=\box55
LaTeX Info: Redefining \big on input line 721.
LaTeX Info: Redefining \Big on input line 722.
LaTeX Info: Redefining \bigg on input line 723.
LaTeX Info: Redefining \Bigg on input line 724.
\big@size=\dimen156
LaTeX Font Info:    Redeclaring font encoding OML on input line 742.
LaTeX Font Info:    Redeclaring font encoding OMS on input line 743.
\macc@depth=\count330
LaTeX Info: Redefining \bmod on input line 904.
LaTeX Info: Redefining \pmod on input line 909.
LaTeX Info: Redefining \smash on input line 939.
LaTeX Info: Redefining \relbar on input line 969.
LaTeX Info: Redefining \Relbar on input line 970.
\c@MaxMatrixCols=\count331
\dotsspace@=\muskip17
\c@parentequation=\count332
\dspbrk@lvl=\count333
\tag@help=\toks24
\row@=\count334
\column@=\count335
\maxfields@=\count336
\andhelp@=\toks25
\eqnshift@=\dimen157
\alignsep@=\dimen158
\tagshift@=\dimen159
\tagwidth@=\dimen160
\totwidth@=\dimen161
\lineht@=\dimen162
\@envbody=\toks26
\multlinegap=\skip77
\multlinetaggap=\skip78
\mathdisplay@stack=\toks27
LaTeX Info: Redefining \[ on input line 2950.
LaTeX Info: Redefining \] on input line 2951.
)
(C:\Users\Erik\AppData\Local\Programs\MiKTeX\tex/latex/amscls\amsthm.sty
Package: amsthm 2020/05/29 v2.20.6
\thm@style=\toks28
\thm@bodyfont=\toks29
\thm@headfont=\toks30
\thm@notefont=\toks31
\thm@headpunct=\toks32
\thm@preskip=\skip79
\thm@postskip=\skip80
\thm@headsep=\skip81
\dth@everypar=\toks33
)
(C:\Users\Erik\AppData\Local\Programs\MiKTeX\tex/latex/amsfonts\amssymb.sty
Package: amssymb 2013/01/14 v3.01 AMS font symbols

(C:\Users\Erik\AppData\Local\Programs\MiKTeX\tex/latex/amsfonts\amsfonts.sty
Package: amsfonts 2013/01/14 v3.01 Basic AMSFonts support
\symAMSa=\mathgroup4
\symAMSb=\mathgroup5
LaTeX Font Info:    Redeclaring math symbol \hbar on input line 98.
LaTeX Font Info:    Overwriting math alphabet `\mathfrak' in version `bold'
(Font)                  U/euf/m/n --> U/euf/b/n on input line 106.
))
(C:\Users\Erik\AppData\Local\Programs\MiKTeX\tex/latex/mathtools\mathtools.sty
Package: mathtools 2024/10/04 v1.31 mathematical typesetting tools

(C:\Users\Erik\AppData\Local\Programs\MiKTeX\tex/latex/tools\calc.sty
Package: calc 2025/03/01 v4.3b Infix arithmetic (KKT,FJ)
\calc@Acount=\count337
\calc@Bcount=\count338
\calc@Adimen=\dimen163
\calc@Bdimen=\dimen164
\calc@Askip=\skip82
\calc@Bskip=\skip83
LaTeX Info: Redefining \setlength on input line 86.
LaTeX Info: Redefining \addtolength on input line 87.
\calc@Ccount=\count339
\calc@Cskip=\skip84
)
(C:\Users\Erik\AppData\Local\Programs\MiKTeX\tex/latex/mathtools\mhsetup.sty
Package: mhsetup 2021/03/18 v1.4 programming setup (MH)
)
\g_MT_multlinerow_int=\count340
\l_MT_multwidth_dim=\dimen165
\origjot=\skip85
\l_MT_shortvdotswithinadjustabove_dim=\dimen166
\l_MT_shortvdotswithinadjustbelow_dim=\dimen167
\l_MT_above_intertext_sep=\dimen168
\l_MT_below_intertext_sep=\dimen169
\l_MT_above_shortintertext_sep=\dimen170
\l_MT_below_shortintertext_sep=\dimen171
\xmathstrut@box=\box56
\xmathstrut@dim=\dimen172
)
(C:\Users\Erik\AppData\Local\Programs\MiKTeX\tex/latex/jknappen\mathrsfs.sty
Package: mathrsfs 1996/01/01 Math RSFS package v1.0 (jk)
\symrsfs=\mathgroup6
)
(C:\Users\Erik\AppData\Local\Programs\MiKTeX\tex/latex/commath\commath.sty)
(C:\Users\Erik\AppData\Local\Programs\MiKTeX\tex/latex/was\upgreek.sty
Package: upgreek 2003/02/12 v2.0 (WaS)
Package upgreek Info: Using Euler Roman for upright Greek on input line 31.
\symugrf@m=\mathgroup7
LaTeX Font Info:    Overwriting symbol font `ugrf@m' in version `bold'
(Font)                  U/eur/m/n --> U/eur/b/n on input line 38.
)
(C:\Users\Erik\AppData\Local\Programs\MiKTeX\tex/latex/cancel\cancel.sty
Package: cancel 2013/04/12 v2.2 Cancel math terms
)
(C:\Users\Erik\AppData\Local\Programs\MiKTeX\tex/latex/tools\enumerate.sty
Package: enumerate 2023/07/04 v3.00 enumerate extensions (DPC)
\@enLab=\toks34
)
(C:\Users\Erik\AppData\Local\Programs\MiKTeX\tex/latex/caption\caption.sty
Package: caption 2023/08/05 v3.6o Customizing captions (AR)

(C:\Users\Erik\AppData\Local\Programs\MiKTeX\tex/latex/caption\caption3.sty
Package: caption3 2023/07/31 v2.4d caption3 kernel (AR)
\caption@tempdima=\dimen173
\captionmargin=\dimen174
\caption@leftmargin=\dimen175
\caption@rightmargin=\dimen176
\caption@width=\dimen177
\caption@indent=\dimen178
\caption@parindent=\dimen179
\caption@hangindent=\dimen180
Package caption Info: Standard document class detected.
)
\c@caption@flags=\count341
\c@continuedfloat=\count342
)
(C:\Users\Erik\AppData\Local\Programs\MiKTeX\tex/latex/ulem\ulem.sty
\UL@box=\box57
\UL@hyphenbox=\box58
\UL@skip=\skip86
\UL@hook=\toks35
\UL@height=\dimen181
\UL@pe=\count343
\UL@pixel=\dimen182
\ULC@box=\box59
Package: ulem 2019/11/18
\ULdepth=\dimen183
)
(C:\Users\Erik\AppData\Local\Programs\MiKTeX\tex/latex/steinmetz\steinmetz.sty
Package: steinmetz 2009/06/14 v1.0 Steinmetz symbol for electrotechnics

(C:\Users\Erik\AppData\Local\Programs\MiKTeX\tex/latex/pict2e\pict2e.sty
Package: pict2e 2020/09/30 v0.4b Improved picture commands (HjG,RN,JT)

(C:\Users\Erik\AppData\Local\Programs\MiKTeX\tex/latex/pict2e\pict2e.cfg
File: pict2e.cfg 2016/02/05 v0.1u pict2e configuration for teTeX/TeXLive
)
Package pict2e Info: Driver file: pdftex.def on input line 112.
Package pict2e Info: Driver file for pict2e: p2e-pdftex.def on input line 114.

(C:\Users\Erik\AppData\Local\Programs\MiKTeX\tex/latex/pict2e\p2e-pdftex.def
File: p2e-pdftex.def 2016/02/05 v0.1u Driver-dependant file (RN,HjG,JT)
)
\pIIe@GRAPH=\toks36
\@arclen=\dimen184
\@arcrad=\dimen185
\pIIe@tempdima=\dimen186
\pIIe@tempdimb=\dimen187
\pIIe@tempdimc=\dimen188
\pIIe@tempdimd=\dimen189
\pIIe@tempdime=\dimen190
\pIIe@tempdimf=\dimen191
)
\stm@phasebox=\box60
\stm@phasedp=\skip87
\stm@phaseht=\skip88
\stm@phasetot=\skip89
\stm@phasewd=\skip90
) (C:\Users\Erik\AppData\Local\Programs\MiKTeX\tex/latex/geometry\geometry.sty
Package: geometry 2020/01/02 v5.9 Page Geometry

(C:\Users\Erik\AppData\Local\Programs\MiKTeX\tex/generic/iftex\ifvtex.sty
Package: ifvtex 2019/10/25 v1.7 ifvtex legacy package. Use iftex instead.

(C:\Users\Erik\AppData\Local\Programs\MiKTeX\tex/generic/iftex\iftex.sty
Package: iftex 2024/12/12 v1.0g TeX engine tests
))
\Gm@cnth=\count344
\Gm@cntv=\count345
\c@Gm@tempcnt=\count346
\Gm@bindingoffset=\dimen192
\Gm@wd@mp=\dimen193
\Gm@odd@mp=\dimen194
\Gm@even@mp=\dimen195
\Gm@layoutwidth=\dimen196
\Gm@layoutheight=\dimen197
\Gm@layouthoffset=\dimen198
\Gm@layoutvoffset=\dimen199
\Gm@dimlist=\toks37

(C:\Users\Erik\AppData\Local\Programs\MiKTeX\tex/latex/geometry\geometry.cfg))
(../aas_macros.sty)
(C:\Users\Erik\AppData\Local\Programs\MiKTeX\tex/latex/natbib\natbib.sty
Package: natbib 2010/09/13 8.31b (PWD, AO)
\bibhang=\skip91
\bibsep=\skip92
LaTeX Info: Redefining \cite on input line 694.
\c@NAT@ctr=\count347
)
(C:\Users\Erik\AppData\Local\Programs\MiKTeX\tex/latex/pgf/frontendlayer\tikz.s
ty
(C:\Users\Erik\AppData\Local\Programs\MiKTeX\tex/latex/pgf/basiclayer\pgf.sty
(C:\Users\Erik\AppData\Local\Programs\MiKTeX\tex/latex/pgf/utilities\pgfrcs.sty

(C:\Users\Erik\AppData\Local\Programs\MiKTeX\tex/generic/pgf/utilities\pgfutil-
common.tex
\pgfutil@everybye=\toks38
\pgfutil@tempdima=\dimen256
\pgfutil@tempdimb=\dimen257
)
(C:\Users\Erik\AppData\Local\Programs\MiKTeX\tex/generic/pgf/utilities\pgfutil-
latex.def
\pgfutil@abb=\box61
)
(C:\Users\Erik\AppData\Local\Programs\MiKTeX\tex/generic/pgf/utilities\pgfrcs.c
ode.tex
(C:\Users\Erik\AppData\Local\Programs\MiKTeX\tex/generic/pgf\pgf.revision.tex)
Package: pgfrcs 2025-08-29 v3.1.11a (3.1.11a)
))
Package: pgf 2025-08-29 v3.1.11a (3.1.11a)

(C:\Users\Erik\AppData\Local\Programs\MiKTeX\tex/latex/pgf/basiclayer\pgfcore.s
ty
(C:\Users\Erik\AppData\Local\Programs\MiKTeX\tex/latex/pgf/systemlayer\pgfsys.s
ty
(C:\Users\Erik\AppData\Local\Programs\MiKTeX\tex/generic/pgf/systemlayer\pgfsys
.code.tex
Package: pgfsys 2025-08-29 v3.1.11a (3.1.11a)

(C:\Users\Erik\AppData\Local\Programs\MiKTeX\tex/generic/pgf/utilities\pgfkeys.
code.tex
\pgfkeys@pathtoks=\toks39
\pgfkeys@temptoks=\toks40

(C:\Users\Erik\AppData\Local\Programs\MiKTeX\tex/generic/pgf/utilities\pgfkeysl
ibraryfiltered.code.tex
\pgfkeys@tmptoks=\toks41
))
\pgf@x=\dimen258
\pgf@y=\dimen259
\pgf@xa=\dimen260
\pgf@ya=\dimen261
\pgf@xb=\dimen262
\pgf@yb=\dimen263
\pgf@xc=\dimen264
\pgf@yc=\dimen265
\pgf@xd=\dimen266
\pgf@yd=\dimen267
\w@pgf@writea=\write3
\r@pgf@reada=\read2
\c@pgf@counta=\count348
\c@pgf@countb=\count349
\c@pgf@countc=\count350
\c@pgf@countd=\count351
\t@pgf@toka=\toks42
\t@pgf@tokb=\toks43
\t@pgf@tokc=\toks44
\pgf@sys@id@count=\count352

(C:\Users\Erik\AppData\Local\Programs\MiKTeX\tex/generic/pgf/systemlayer\pgf.cf
g
File: pgf.cfg 2025-08-29 v3.1.11a (3.1.11a)
)
Driver file for pgf: pgfsys-pdftex.def

(C:\Users\Erik\AppData\Local\Programs\MiKTeX\tex/generic/pgf/systemlayer\pgfsys
-pdftex.def
File: pgfsys-pdftex.def 2025-08-29 v3.1.11a (3.1.11a)

(C:\Users\Erik\AppData\Local\Programs\MiKTeX\tex/generic/pgf/systemlayer\pgfsys
-common-pdf.def
File: pgfsys-common-pdf.def 2025-08-29 v3.1.11a (3.1.11a)
)))
(C:\Users\Erik\AppData\Local\Programs\MiKTeX\tex/generic/pgf/systemlayer\pgfsys
softpath.code.tex
File: pgfsyssoftpath.code.tex 2025-08-29 v3.1.11a (3.1.11a)
\pgfsyssoftpath@smallbuffer@items=\count353
\pgfsyssoftpath@bigbuffer@items=\count354
)
(C:\Users\Erik\AppData\Local\Programs\MiKTeX\tex/generic/pgf/systemlayer\pgfsys
protocol.code.tex
File: pgfsysprotocol.code.tex 2025-08-29 v3.1.11a (3.1.11a)
))
(C:\Users\Erik\AppData\Local\Programs\MiKTeX\tex/generic/pgf/basiclayer\pgfcore
.code.tex
Package: pgfcore 2025-08-29 v3.1.11a (3.1.11a)

(C:\Users\Erik\AppData\Local\Programs\MiKTeX\tex/generic/pgf/math\pgfmath.code.
tex
(C:\Users\Erik\AppData\Local\Programs\MiKTeX\tex/generic/pgf/math\pgfmathutil.c
ode.tex)
(C:\Users\Erik\AppData\Local\Programs\MiKTeX\tex/generic/pgf/math\pgfmathparser
.code.tex
\pgfmath@dimen=\dimen268
\pgfmath@count=\count355
\pgfmath@box=\box62
\pgfmath@toks=\toks45
\pgfmath@stack@operand=\toks46
\pgfmath@stack@operation=\toks47
)
(C:\Users\Erik\AppData\Local\Programs\MiKTeX\tex/generic/pgf/math\pgfmathfuncti
ons.code.tex)
(C:\Users\Erik\AppData\Local\Programs\MiKTeX\tex/generic/pgf/math\pgfmathfuncti
ons.basic.code.tex)
(C:\Users\Erik\AppData\Local\Programs\MiKTeX\tex/generic/pgf/math\pgfmathfuncti
ons.trigonometric.code.tex)
(C:\Users\Erik\AppData\Local\Programs\MiKTeX\tex/generic/pgf/math\pgfmathfuncti
ons.random.code.tex)
(C:\Users\Erik\AppData\Local\Programs\MiKTeX\tex/generic/pgf/math\pgfmathfuncti
ons.comparison.code.tex)
(C:\Users\Erik\AppData\Local\Programs\MiKTeX\tex/generic/pgf/math\pgfmathfuncti
ons.base.code.tex)
(C:\Users\Erik\AppData\Local\Programs\MiKTeX\tex/generic/pgf/math\pgfmathfuncti
ons.round.code.tex)
(C:\Users\Erik\AppData\Local\Programs\MiKTeX\tex/generic/pgf/math\pgfmathfuncti
ons.misc.code.tex)
(C:\Users\Erik\AppData\Local\Programs\MiKTeX\tex/generic/pgf/math\pgfmathfuncti
ons.integerarithmetics.code.tex)
(C:\Users\Erik\AppData\Local\Programs\MiKTeX\tex/generic/pgf/math\pgfmathcalc.c
ode.tex)
(C:\Users\Erik\AppData\Local\Programs\MiKTeX\tex/generic/pgf/math\pgfmathfloat.
code.tex
\c@pgfmathroundto@lastzeros=\count356
))
(C:\Users\Erik\AppData\Local\Programs\MiKTeX\tex/generic/pgf/math\pgfint.code.t
ex)
(C:\Users\Erik\AppData\Local\Programs\MiKTeX\tex/generic/pgf/basiclayer\pgfcore
points.code.tex
File: pgfcorepoints.code.tex 2025-08-29 v3.1.11a (3.1.11a)
\pgf@picminx=\dimen269
\pgf@picmaxx=\dimen270
\pgf@picminy=\dimen271
\pgf@picmaxy=\dimen272
\pgf@pathminx=\dimen273
\pgf@pathmaxx=\dimen274
\pgf@pathminy=\dimen275
\pgf@pathmaxy=\dimen276
\pgf@xx=\dimen277
\pgf@xy=\dimen278
\pgf@yx=\dimen279
\pgf@yy=\dimen280
\pgf@zx=\dimen281
\pgf@zy=\dimen282
)
(C:\Users\Erik\AppData\Local\Programs\MiKTeX\tex/generic/pgf/basiclayer\pgfcore
pathconstruct.code.tex
File: pgfcorepathconstruct.code.tex 2025-08-29 v3.1.11a (3.1.11a)
\pgf@path@lastx=\dimen283
\pgf@path@lasty=\dimen284
)
(C:\Users\Erik\AppData\Local\Programs\MiKTeX\tex/generic/pgf/basiclayer\pgfcore
pathusage.code.tex
File: pgfcorepathusage.code.tex 2025-08-29 v3.1.11a (3.1.11a)
\pgf@shorten@end@additional=\dimen285
\pgf@shorten@start@additional=\dimen286
)
(C:\Users\Erik\AppData\Local\Programs\MiKTeX\tex/generic/pgf/basiclayer\pgfcore
scopes.code.tex
File: pgfcorescopes.code.tex 2025-08-29 v3.1.11a (3.1.11a)
\pgfpic=\box63
\pgf@hbox=\box64
\pgf@layerbox@main=\box65
\pgf@picture@serial@count=\count357
)
(C:\Users\Erik\AppData\Local\Programs\MiKTeX\tex/generic/pgf/basiclayer\pgfcore
graphicstate.code.tex
File: pgfcoregraphicstate.code.tex 2025-08-29 v3.1.11a (3.1.11a)
\pgflinewidth=\dimen287
)
(C:\Users\Erik\AppData\Local\Programs\MiKTeX\tex/generic/pgf/basiclayer\pgfcore
transformations.code.tex
File: pgfcoretransformations.code.tex 2025-08-29 v3.1.11a (3.1.11a)
\pgf@pt@x=\dimen288
\pgf@pt@y=\dimen289
\pgf@pt@temp=\dimen290
)
(C:\Users\Erik\AppData\Local\Programs\MiKTeX\tex/generic/pgf/basiclayer\pgfcore
quick.code.tex
File: pgfcorequick.code.tex 2025-08-29 v3.1.11a (3.1.11a)
)
(C:\Users\Erik\AppData\Local\Programs\MiKTeX\tex/generic/pgf/basiclayer\pgfcore
objects.code.tex
File: pgfcoreobjects.code.tex 2025-08-29 v3.1.11a (3.1.11a)
)
(C:\Users\Erik\AppData\Local\Programs\MiKTeX\tex/generic/pgf/basiclayer\pgfcore
pathprocessing.code.tex
File: pgfcorepathprocessing.code.tex 2025-08-29 v3.1.11a (3.1.11a)
)
(C:\Users\Erik\AppData\Local\Programs\MiKTeX\tex/generic/pgf/basiclayer\pgfcore
arrows.code.tex
File: pgfcorearrows.code.tex 2025-08-29 v3.1.11a (3.1.11a)
\pgfarrowsep=\dimen291
)
(C:\Users\Erik\AppData\Local\Programs\MiKTeX\tex/generic/pgf/basiclayer\pgfcore
shade.code.tex
File: pgfcoreshade.code.tex 2025-08-29 v3.1.11a (3.1.11a)
\pgf@max=\dimen292
\pgf@sys@shading@range@num=\count358
\pgf@shadingcount=\count359
)
(C:\Users\Erik\AppData\Local\Programs\MiKTeX\tex/generic/pgf/basiclayer\pgfcore
image.code.tex
File: pgfcoreimage.code.tex 2025-08-29 v3.1.11a (3.1.11a)
)
(C:\Users\Erik\AppData\Local\Programs\MiKTeX\tex/generic/pgf/basiclayer\pgfcore
external.code.tex
File: pgfcoreexternal.code.tex 2025-08-29 v3.1.11a (3.1.11a)
\pgfexternal@startupbox=\box66
)
(C:\Users\Erik\AppData\Local\Programs\MiKTeX\tex/generic/pgf/basiclayer\pgfcore
layers.code.tex
File: pgfcorelayers.code.tex 2025-08-29 v3.1.11a (3.1.11a)
)
(C:\Users\Erik\AppData\Local\Programs\MiKTeX\tex/generic/pgf/basiclayer\pgfcore
transparency.code.tex
File: pgfcoretransparency.code.tex 2025-08-29 v3.1.11a (3.1.11a)
)
(C:\Users\Erik\AppData\Local\Programs\MiKTeX\tex/generic/pgf/basiclayer\pgfcore
patterns.code.tex
File: pgfcorepatterns.code.tex 2025-08-29 v3.1.11a (3.1.11a)
)
(C:\Users\Erik\AppData\Local\Programs\MiKTeX\tex/generic/pgf/basiclayer\pgfcore
rdf.code.tex
File: pgfcorerdf.code.tex 2025-08-29 v3.1.11a (3.1.11a)
)))
(C:\Users\Erik\AppData\Local\Programs\MiKTeX\tex/generic/pgf/modules\pgfmodules
hapes.code.tex
File: pgfmoduleshapes.code.tex 2025-08-29 v3.1.11a (3.1.11a)
\pgfnodeparttextbox=\box67
)
(C:\Users\Erik\AppData\Local\Programs\MiKTeX\tex/generic/pgf/modules\pgfmodulep
lot.code.tex
File: pgfmoduleplot.code.tex 2025-08-29 v3.1.11a (3.1.11a)
)
(C:\Users\Erik\AppData\Local\Programs\MiKTeX\tex/latex/pgf/compatibility\pgfcom
p-version-0-65.sty
Package: pgfcomp-version-0-65 2025-08-29 v3.1.11a (3.1.11a)
\pgf@nodesepstart=\dimen293
\pgf@nodesepend=\dimen294
)
(C:\Users\Erik\AppData\Local\Programs\MiKTeX\tex/latex/pgf/compatibility\pgfcom
p-version-1-18.sty
Package: pgfcomp-version-1-18 2025-08-29 v3.1.11a (3.1.11a)
))
(C:\Users\Erik\AppData\Local\Programs\MiKTeX\tex/latex/pgf/utilities\pgffor.sty

(C:\Users\Erik\AppData\Local\Programs\MiKTeX\tex/latex/pgf/utilities\pgfkeys.st
y
(C:\Users\Erik\AppData\Local\Programs\MiKTeX\tex/generic/pgf/utilities\pgfkeys.
code.tex))
(C:\Users\Erik\AppData\Local\Programs\MiKTeX\tex/latex/pgf/math\pgfmath.sty
(C:\Users\Erik\AppData\Local\Programs\MiKTeX\tex/generic/pgf/math\pgfmath.code.
tex))
(C:\Users\Erik\AppData\Local\Programs\MiKTeX\tex/generic/pgf/utilities\pgffor.c
ode.tex
Package: pgffor 2025-08-29 v3.1.11a (3.1.11a)
\pgffor@iter=\dimen295
\pgffor@skip=\dimen296
\pgffor@stack=\toks48
\pgffor@toks=\toks49
))
(C:\Users\Erik\AppData\Local\Programs\MiKTeX\tex/generic/pgf/frontendlayer/tikz
\tikz.code.tex
Package: tikz 2025-08-29 v3.1.11a (3.1.11a)

(C:\Users\Erik\AppData\Local\Programs\MiKTeX\tex/generic/pgf/libraries\pgflibra
ryplothandlers.code.tex
File: pgflibraryplothandlers.code.tex 2025-08-29 v3.1.11a (3.1.11a)
\pgf@plot@mark@count=\count360
\pgfplotmarksize=\dimen297
)
\tikz@lastx=\dimen298
\tikz@lasty=\dimen299
\tikz@lastxsaved=\dimen300
\tikz@lastysaved=\dimen301
\tikz@lastmovetox=\dimen302
\tikz@lastmovetoy=\dimen303
\tikzleveldistance=\dimen304
\tikzsiblingdistance=\dimen305
\tikz@figbox=\box68
\tikz@figbox@bg=\box69
\tikz@tempbox=\box70
\tikz@tempbox@bg=\box71
\tikztreelevel=\count361
\tikznumberofchildren=\count362
\tikznumberofcurrentchild=\count363
\tikz@fig@count=\count364

(C:\Users\Erik\AppData\Local\Programs\MiKTeX\tex/generic/pgf/modules\pgfmodulem
atrix.code.tex
File: pgfmodulematrix.code.tex 2025-08-29 v3.1.11a (3.1.11a)
\pgfmatrixcurrentrow=\count365
\pgfmatrixcurrentcolumn=\count366
\pgf@matrix@numberofcolumns=\count367
)
\tikz@expandcount=\count368

(C:\Users\Erik\AppData\Local\Programs\MiKTeX\tex/generic/pgf/frontendlayer/tikz
/libraries\tikzlibrarytopaths.code.tex
File: tikzlibrarytopaths.code.tex 2025-08-29 v3.1.11a (3.1.11a)
)))
(C:\Users\Erik\AppData\Local\Programs\MiKTeX\tex/latex/tikz-3dplot\tikz-3dplot.
sty
(C:\Users\Erik\AppData\Local\Programs\MiKTeX\tex/generic/pgf/frontendlayer/tikz
/libraries\tikzlibrarycalc.code.tex
File: tikzlibrarycalc.code.tex 2025-08-29 v3.1.11a (3.1.11a)
)
(C:\Users\Erik\AppData\Local\Programs\MiKTeX\tex/generic/pgf/frontendlayer/tikz
/libraries\tikzlibrary3d.code.tex
File: tikzlibrary3d.code.tex 2025-08-29 v3.1.11a (3.1.11a)
)
(C:\Users\Erik\AppData\Local\Programs\MiKTeX\tex/generic/pgf/frontendlayer/tikz
/libraries\tikzlibraryarrows.code.tex
File: tikzlibraryarrows.code.tex 2025-08-29 v3.1.11a (3.1.11a)

(C:\Users\Erik\AppData\Local\Programs\MiKTeX\tex/generic/pgf/libraries\pgflibra
ryarrows.code.tex
File: pgflibraryarrows.code.tex 2025-08-29 v3.1.11a (3.1.11a)
\arrowsize=\dimen306
)))
(C:\Users\Erik\AppData\Local\Programs\MiKTeX\tex/latex/circuitikz\circuitikz.st
y
Package: circuitikz 2025/07/08{} The CircuiTikz circuit drawing package version
 1.8.2

(C:\Users\Erik\AppData\Local\Programs\MiKTeX\tex/generic/pgf/libraries\pgflibra
ryarrows.meta.code.tex
File: pgflibraryarrows.meta.code.tex 2025-08-29 v3.1.11a (3.1.11a)
\pgfarrowinset=\dimen307
\pgfarrowlength=\dimen308
\pgfarrowwidth=\dimen309
\pgfarrowlinewidth=\dimen310
)
(C:\Users\Erik\AppData\Local\Programs\MiKTeX\tex/generic/pgf/frontendlayer/tikz
/libraries\tikzlibrarybending.code.tex
File: tikzlibrarybending.code.tex 2025-08-29 v3.1.11a (3.1.11a)

(C:\Users\Erik\AppData\Local\Programs\MiKTeX\tex/generic/pgf/modules\pgfmoduleb
ending.code.tex
File: pgfmodulebending.code.tex 2025-08-29 v3.1.11a (3.1.11a)

(C:\Users\Erik\AppData\Local\Programs\MiKTeX\tex/generic/pgf/modules\pgfmodulen
onlineartransformations.code.tex
File: pgfmodulenonlineartransformations.code.tex 2025-08-29 v3.1.11a (3.1.11a)
\pgftransformnonlinearflatness=\dimen311
)
(C:\Users\Erik\AppData\Local\Programs\MiKTeX\tex/generic/pgf/libraries\pgflibra
rycurvilinear.code.tex
File: pgflibrarycurvilinear.code.tex 2025-08-29 v3.1.11a (3.1.11a)
\pgf@curvilinear@time@a=\dimen312
\pgf@curvilinear@length@a=\dimen313
\pgf@curvilinear@length@b=\dimen314
\pgf@curvilinear@length@c=\dimen315
\pgf@curvilinear@length@d=\dimen316
)
\pgf@arrows@the@rigidity=\dimen317
))
(C:\Users\Erik\AppData\Local\Programs\MiKTeX\tex/generic/pgf/frontendlayer/tikz
/libraries\tikzlibraryfpu.code.tex
(C:\Users\Erik\AppData\Local\Programs\MiKTeX\tex/generic/pgf/libraries\pgflibra
ryfpu.code.tex))
(C:\Users\Erik\AppData\Local\Programs\MiKTeX\tex/generic/circuitikz\pgfcirc.def
ines.tex
\pgf@circ@count@a=\count369
\pgf@circ@count@b=\count370
\pgf@circ@count@c=\count371
\pgf@circ@res@up=\dimen318
\pgf@circ@res@down=\dimen319
\pgf@circ@res@zero=\dimen320
\pgf@circ@res@left=\dimen321
\pgf@circ@res@right=\dimen322
\pgf@circ@res@other=\dimen323
\pgf@circ@res@step=\dimen324
\pgf@circ@res@temp=\dimen325
\pgf@circ@Rlen=\dimen326
\pgf@circ@scaled@Rlen=\dimen327
\pgfstartlinewidth=\dimen328
)
(C:\Users\Erik\AppData\Local\Programs\MiKTeX\tex/generic/circuitikz\pgfcircutil
s.tex
\ctikz@scratchbox=\box72
)
(C:\Users\Erik\AppData\Local\Programs\MiKTeX\tex/generic/circuitikz\pgfcircpath
.tex)
(C:\Users\Erik\AppData\Local\Programs\MiKTeX\tex/generic/circuitikz\pgfcircshap
es.tex)
(C:\Users\Erik\AppData\Local\Programs\MiKTeX\tex/generic/circuitikz\pgfcircmono
poles.tex)
(C:\Users\Erik\AppData\Local\Programs\MiKTeX\tex/generic/circuitikz\pgfcircbipo
les.tex)
(C:\Users\Erik\AppData\Local\Programs\MiKTeX\tex/generic/circuitikz\pgfcirctrip
oles.tex
\pgf@circ@res@count=\count372
)
(C:\Users\Erik\AppData\Local\Programs\MiKTeX\tex/generic/circuitikz\pgfcircquad
poles.tex)
(C:\Users\Erik\AppData\Local\Programs\MiKTeX\tex/generic/circuitikz\pgfcircmult
ipoles.tex)
(C:\Users\Erik\AppData\Local\Programs\MiKTeX\tex/generic/circuitikz\pgfcirclabe
l.tex)
(C:\Users\Erik\AppData\Local\Programs\MiKTeX\tex/generic/circuitikz\pgfcircvolt
age.tex
\pgfcirc@labelshift=\dimen329
)
(C:\Users\Erik\AppData\Local\Programs\MiKTeX\tex/generic/circuitikz\pgfcirccurr
ent.tex)
(C:\Users\Erik\AppData\Local\Programs\MiKTeX\tex/generic/circuitikz\pgfcircflow
.tex))
(C:\Users\Erik\AppData\Local\Programs\MiKTeX\tex/latex/pgfplots\pgfplots.sty
(C:\Users\Erik\AppData\Local\Programs\MiKTeX\tex/generic/pgfplots\pgfplots.revi
sion.tex)
Package: pgfplots 2021/05/15 v1.18.1 Data Visualization (1.18.1)

(C:\Users\Erik\AppData\Local\Programs\MiKTeX\tex/generic/pgfplots\pgfplots.code
.tex
(C:\Users\Erik\AppData\Local\Programs\MiKTeX\tex/generic/pgfplots\pgfplotscore.
code.tex
\t@pgfplots@toka=\toks50
\t@pgfplots@tokb=\toks51
\t@pgfplots@tokc=\toks52
\pgfplots@tmpa=\dimen330
\c@pgfplots@coordindex=\count373
\c@pgfplots@scanlineindex=\count374

(C:\Users\Erik\AppData\Local\Programs\MiKTeX\tex/generic/pgfplots/sys\pgfplotss
ysgeneric.code.tex))
(C:\Users\Erik\AppData\Local\Programs\MiKTeX\tex/generic/pgfplots/libs\pgfplots
library.code.tex)
(C:\Users\Erik\AppData\Local\Programs\MiKTeX\tex/generic/pgfplots/oldpgfcompati
b\pgfplotsoldpgfsupp_loader.code.tex
Package pgfplots: loading complementary utilities for your pgf version...
\t@pgf@toka=\toks53
\t@pgf@tokb=\toks54
\t@pgf@tokc=\toks55

(C:\Users\Erik\AppData\Local\Programs\MiKTeX\tex/generic/pgfplots/oldpgfcompati
b\pgfplotsoldpgfsupp_pgfutil-common-lists.tex))
(C:\Users\Erik\AppData\Local\Programs\MiKTeX\tex/generic/pgfplots/util\pgfplots
util.code.tex
(C:\Users\Erik\AppData\Local\Programs\MiKTeX\tex/generic/pgfplots/liststructure
\pgfplotsliststructure.code.tex)
(C:\Users\Erik\AppData\Local\Programs\MiKTeX\tex/generic/pgfplots/liststructure
\pgfplotsliststructureext.code.tex)
(C:\Users\Erik\AppData\Local\Programs\MiKTeX\tex/generic/pgfplots/liststructure
\pgfplotsarray.code.tex
\c@pgfplotsarray@tmp=\count375
)
(C:\Users\Erik\AppData\Local\Programs\MiKTeX\tex/generic/pgfplots/liststructure
\pgfplotsmatrix.code.tex)
(C:\Users\Erik\AppData\Local\Programs\MiKTeX\tex/generic/pgfplots/numtable\pgfp
lotstableshared.code.tex
\c@pgfplotstable@counta=\count376
\t@pgfplotstable@a=\toks56
)
(C:\Users\Erik\AppData\Local\Programs\MiKTeX\tex/generic/pgfplots/liststructure
\pgfplotsdeque.code.tex)
(C:\Users\Erik\AppData\Local\Programs\MiKTeX\tex/generic/pgfplots/util\pgfplots
binary.code.tex
(C:\Users\Erik\AppData\Local\Programs\MiKTeX\tex/generic/pgfplots/util\pgfplots
binary.data.code.tex))
(C:\Users\Erik\AppData\Local\Programs\MiKTeX\tex/generic/pgfplots/util\pgfplots
util.verb.code.tex)
(C:\Users\Erik\AppData\Local\Programs\MiKTeX\tex/generic/pgfplots/libs\pgflibra
rypgfplots.surfshading.code.tex
\c@pgfplotslibrarysurf@no=\count377

(C:\Users\Erik\AppData\Local\Programs\MiKTeX\tex/generic/pgfplots/sys\pgflibrar
ypgfplots.surfshading.pgfsys-pdftex.def)))
(C:\Users\Erik\AppData\Local\Programs\MiKTeX\tex/generic/pgfplots/util\pgfplots
colormap.code.tex
(C:\Users\Erik\AppData\Local\Programs\MiKTeX\tex/generic/pgfplots/util\pgfplots
color.code.tex))
(C:\Users\Erik\AppData\Local\Programs\MiKTeX\tex/generic/pgfplots\pgfplotsstack
edplots.code.tex)
(C:\Users\Erik\AppData\Local\Programs\MiKTeX\tex/generic/pgfplots\pgfplotsploth
andlers.code.tex
(C:\Users\Erik\AppData\Local\Programs\MiKTeX\tex/generic/pgfplots\pgfplotsmeshp
lothandler.code.tex
(C:\Users\Erik\AppData\Local\Programs\MiKTeX\tex/generic/pgfplots\pgfplotsmeshp
lotimage.code.tex)))
(C:\Users\Erik\AppData\Local\Programs\MiKTeX\tex/generic/pgfplots\pgfplots.scal
ing.code.tex)
(C:\Users\Erik\AppData\Local\Programs\MiKTeX\tex/generic/pgfplots\pgfplotscoord
processing.code.tex)
(C:\Users\Erik\AppData\Local\Programs\MiKTeX\tex/generic/pgfplots\pgfplots.erro
rbars.code.tex)
(C:\Users\Erik\AppData\Local\Programs\MiKTeX\tex/generic/pgfplots\pgfplots.mark
ers.code.tex)
(C:\Users\Erik\AppData\Local\Programs\MiKTeX\tex/generic/pgfplots\pgfplotsticks
.code.tex)
(C:\Users\Erik\AppData\Local\Programs\MiKTeX\tex/generic/pgfplots\pgfplots.path
s.code.tex)
(C:\Users\Erik\AppData\Local\Programs\MiKTeX\tex/generic/pgf/frontendlayer/tikz
/libraries\tikzlibrarydecorations.code.tex
(C:\Users\Erik\AppData\Local\Programs\MiKTeX\tex/generic/pgf/modules\pgfmoduled
ecorations.code.tex
\pgfdecoratedcompleteddistance=\dimen331
\pgfdecoratedremainingdistance=\dimen332
\pgfdecoratedinputsegmentcompleteddistance=\dimen333
\pgfdecoratedinputsegmentremainingdistance=\dimen334
\pgf@decorate@distancetomove=\dimen335
\pgf@decorate@repeatstate=\count378
\pgfdecorationsegmentamplitude=\dimen336
\pgfdecorationsegmentlength=\dimen337
)
\tikz@lib@dec@box=\box73
)
(C:\Users\Erik\AppData\Local\Programs\MiKTeX\tex/generic/pgf/frontendlayer/tikz
/libraries\tikzlibrarydecorations.pathmorphing.code.tex
(C:\Users\Erik\AppData\Local\Programs\MiKTeX\tex/generic/pgf/libraries/decorati
ons\pgflibrarydecorations.pathmorphing.code.tex))
(C:\Users\Erik\AppData\Local\Programs\MiKTeX\tex/generic/pgf/frontendlayer/tikz
/libraries\tikzlibrarydecorations.pathreplacing.code.tex
(C:\Users\Erik\AppData\Local\Programs\MiKTeX\tex/generic/pgf/libraries/decorati
ons\pgflibrarydecorations.pathreplacing.code.tex))
(C:\Users\Erik\AppData\Local\Programs\MiKTeX\tex/generic/pgfplots/libs\tikzlibr
arypgfplots.contourlua.code.tex)
\pgfplots@numplots=\count379
\pgfplots@xmin@reg=\dimen338
\pgfplots@xmax@reg=\dimen339
\pgfplots@ymin@reg=\dimen340
\pgfplots@ymax@reg=\dimen341
\pgfplots@zmin@reg=\dimen342
\pgfplots@zmax@reg=\dimen343
)
(C:\Users\Erik\AppData\Local\Programs\MiKTeX\tex/generic/pgf/frontendlayer/tikz
/libraries\tikzlibraryplotmarks.code.tex
File: tikzlibraryplotmarks.code.tex 2025-08-29 v3.1.11a (3.1.11a)

(C:\Users\Erik\AppData\Local\Programs\MiKTeX\tex/generic/pgf/libraries\pgflibra
ryplotmarks.code.tex
File: pgflibraryplotmarks.code.tex 2025-08-29 v3.1.11a (3.1.11a)
)))
(C:\Users\Erik\AppData\Local\Programs\MiKTeX\tex/generic/pgfplots/libs\tikzlibr
arypgfplots.smithchart.code.tex)
(C:\Users\Erik\AppData\Local\Programs\MiKTeX\tex/generic/pgf/frontendlayer/tikz
/libraries\tikzlibrarydecorations.markings.code.tex
(C:\Users\Erik\AppData\Local\Programs\MiKTeX\tex/generic/pgf/libraries/decorati
ons\pgflibrarydecorations.markings.code.tex))
(C:\Users\Erik\AppData\Local\Programs\MiKTeX\tex/generic/pgf/frontendlayer/tikz
/libraries\tikzlibrarypatterns.code.tex
File: tikzlibrarypatterns.code.tex 2025-08-29 v3.1.11a (3.1.11a)

(C:\Users\Erik\AppData\Local\Programs\MiKTeX\tex/generic/pgf/libraries\pgflibra
rypatterns.code.tex
File: pgflibrarypatterns.code.tex 2025-08-29 v3.1.11a (3.1.11a)
))
(C:\Users\Erik\AppData\Local\Programs\MiKTeX\tex/generic/pgf/frontendlayer/tikz
/libraries\tikzlibraryangles.code.tex
File: tikzlibraryangles.code.tex 2025-08-29 v3.1.11a (3.1.11a)
)
(C:\Users\Erik\AppData\Local\Programs\MiKTeX\tex/generic/pgf/frontendlayer/tikz
/libraries\tikzlibraryquotes.code.tex
File: tikzlibraryquotes.code.tex 2025-08-29 v3.1.11a (3.1.11a)
)
(C:\Users\Erik\AppData\Local\Programs\MiKTeX\tex/generic/tikz-ext\tikzlibraryex
t.topaths.arcthrough.code.tex
(C:\Users\Erik\AppData\Local\Programs\MiKTeX\tex/generic/tikz-ext\tikzext-util.
tex))
(C:\Users\Erik\AppData\Local\Programs\MiKTeX\tex/generic/pgf/frontendlayer/tikz
/libraries\tikzlibraryshapes.code.tex
File: tikzlibraryshapes.code.tex 2025-08-29 v3.1.11a (3.1.11a)

(C:\Users\Erik\AppData\Local\Programs\MiKTeX\tex/generic/pgf/frontendlayer/tikz
/libraries\tikzlibraryshapes.geometric.code.tex
File: tikzlibraryshapes.geometric.code.tex 2025-08-29 v3.1.11a (3.1.11a)

(C:\Users\Erik\AppData\Local\Programs\MiKTeX\tex/generic/pgf/libraries/shapes\p
gflibraryshapes.geometric.code.tex
File: pgflibraryshapes.geometric.code.tex 2025-08-29 v3.1.11a (3.1.11a)
))
(C:\Users\Erik\AppData\Local\Programs\MiKTeX\tex/generic/pgf/frontendlayer/tikz
/libraries\tikzlibraryshapes.misc.code.tex
File: tikzlibraryshapes.misc.code.tex 2025-08-29 v3.1.11a (3.1.11a)

(C:\Users\Erik\AppData\Local\Programs\MiKTeX\tex/generic/pgf/libraries/shapes\p
gflibraryshapes.misc.code.tex
File: pgflibraryshapes.misc.code.tex 2025-08-29 v3.1.11a (3.1.11a)
))
(C:\Users\Erik\AppData\Local\Programs\MiKTeX\tex/generic/pgf/frontendlayer/tikz
/libraries\tikzlibraryshapes.symbols.code.tex
File: tikzlibraryshapes.symbols.code.tex 2025-08-29 v3.1.11a (3.1.11a)

(C:\Users\Erik\AppData\Local\Programs\MiKTeX\tex/generic/pgf/libraries/shapes\p
gflibraryshapes.symbols.code.tex
File: pgflibraryshapes.symbols.code.tex 2025-08-29 v3.1.11a (3.1.11a)
))
(C:\Users\Erik\AppData\Local\Programs\MiKTeX\tex/generic/pgf/frontendlayer/tikz
/libraries\tikzlibraryshapes.arrows.code.tex
File: tikzlibraryshapes.arrows.code.tex 2025-08-29 v3.1.11a (3.1.11a)

(C:\Users\Erik\AppData\Local\Programs\MiKTeX\tex/generic/pgf/libraries/shapes\p
gflibraryshapes.arrows.code.tex
File: pgflibraryshapes.arrows.code.tex 2025-08-29 v3.1.11a (3.1.11a)
))
(C:\Users\Erik\AppData\Local\Programs\MiKTeX\tex/generic/pgf/frontendlayer/tikz
/libraries\tikzlibraryshapes.callouts.code.tex
(C:\Users\Erik\AppData\Local\Programs\MiKTeX\tex/generic/pgf/libraries/shapes\p
gflibraryshapes.callouts.code.tex))
(C:\Users\Erik\AppData\Local\Programs\MiKTeX\tex/generic/pgf/frontendlayer/tikz
/libraries\tikzlibraryshapes.multipart.code.tex
File: tikzlibraryshapes.multipart.code.tex 2025-08-29 v3.1.11a (3.1.11a)

(C:\Users\Erik\AppData\Local\Programs\MiKTeX\tex/generic/pgf/libraries/shapes\p
gflibraryshapes.multipart.code.tex
File: pgflibraryshapes.multipart.code.tex 2025-08-29 v3.1.11a (3.1.11a)
\pgfnodepartlowerbox=\box74
\pgfnodeparttwobox=\box75
\pgfnodepartthreebox=\box76
\pgfnodepartfourbox=\box77
\pgfnodeparttwentybox=\box78
\pgfnodepartnineteenbox=\box79
\pgfnodeparteighteenbox=\box80
\pgfnodepartseventeenbox=\box81
\pgfnodepartsixteenbox=\box82
\pgfnodepartfifteenbox=\box83
\pgfnodepartfourteenbox=\box84
\pgfnodepartthirteenbox=\box85
\pgfnodeparttwelvebox=\box86
\pgfnodepartelevenbox=\box87
\pgfnodeparttenbox=\box88
\pgfnodepartninebox=\box89
\pgfnodeparteightbox=\box90
\pgfnodepartsevenbox=\box91
\pgfnodepartsixbox=\box92
\pgfnodepartfivebox=\box93
)))
(C:\Users\Erik\AppData\Local\Programs\MiKTeX\tex/latex/siunitx\siunitx.sty
Package: siunitx 2025-07-09 v3.4.14 A comprehensive (SI) units package
\l__siunitx_number_uncert_offset_int=\count380
\l__siunitx_number_exponent_fixed_int=\count381
\l__siunitx_number_min_decimal_int=\count382
\l__siunitx_number_min_integer_int=\count383
\l__siunitx_number_round_precision_int=\count384
\l__siunitx_number_lower_threshold_int=\count385
\l__siunitx_number_upper_threshold_int=\count386
\l__siunitx_number_group_first_int=\count387
\l__siunitx_number_group_size_int=\count388
\l__siunitx_number_group_minimum_int=\count389
\l__siunitx_angle_tmp_dim=\dimen344
\l__siunitx_angle_marker_box=\box94
\l__siunitx_angle_unit_box=\box95
\l__siunitx_compound_count_int=\count390

(C:\Users\Erik\AppData\Local\Programs\MiKTeX\tex/latex/translations\translation
s.sty
Package: translations 2022/02/05 v1.12 internationalization of LaTeX2e packages
 (CN)

(C:\Users\Erik\AppData\Local\Programs\MiKTeX\tex/latex/etoolbox\etoolbox.sty
Package: etoolbox 2025/10/02 v2.5m e-TeX tools for LaTeX (JAW)
\etb@tempcnta=\count391
)
(C:\Users\Erik\AppData\Local\Programs\MiKTeX\tex/generic/pdftexcmds\pdftexcmds.
sty
Package: pdftexcmds 2020-06-27 v0.33 Utility functions of pdfTeX for LuaTeX (HO
)

(C:\Users\Erik\AppData\Local\Programs\MiKTeX\tex/generic/infwarerr\infwarerr.st
y
Package: infwarerr 2019/12/03 v1.5 Providing info/warning/error messages (HO)
) (C:\Users\Erik\AppData\Local\Programs\MiKTeX\tex/generic/ltxcmds\ltxcmds.sty
Package: ltxcmds 2023-12-04 v1.26 LaTeX kernel commands for general use (HO)
)
Package pdftexcmds Info: \pdf@primitive is available.
Package pdftexcmds Info: \pdf@ifprimitive is available.
Package pdftexcmds Info: \pdfdraftmode found.
))
\l__siunitx_table_tmp_box=\box96
\l__siunitx_table_tmp_dim=\dimen345
\l__siunitx_table_column_width_dim=\dimen346
\l__siunitx_table_integer_box=\box97
\l__siunitx_table_decimal_box=\box98
\l__siunitx_table_uncert_box=\box99
\l__siunitx_table_before_box=\box100
\l__siunitx_table_after_box=\box101
\l__siunitx_table_before_dim=\dimen347
\l__siunitx_table_carry_dim=\dimen348
\l__siunitx_unit_tmp_int=\count392
\l__siunitx_unit_position_int=\count393
\l__siunitx_unit_total_int=\count394
 (C:\Users\Erik\AppData\Local\Programs\MiKTeX\tex/latex/tools\array.sty
Package: array 2025/09/25 v2.6n Tabular extension package (FMi)
\col@sep=\dimen349
\ar@mcellbox=\box102
\extrarowheight=\dimen350
\NC@list=\toks57
\extratabsurround=\skip93
\backup@length=\skip94
\ar@cellbox=\box103
))

Package siunitx Info: Option "separate-uncertainty" has been deprecated in
(siunitx)             this release.
(siunitx)             
(siunitx)             Use "uncertainty-mode = separate" as a replacement.


(../macros.sty)
(C:\Users\Erik\AppData\Local\Programs\MiKTeX\tex/latex/hyperref\hyperref.sty
Package: hyperref 2025-07-12 v7.01o Hypertext links for LaTeX

(C:\Users\Erik\AppData\Local\Programs\MiKTeX\tex/latex/kvsetkeys\kvsetkeys.sty
Package: kvsetkeys 2022-10-05 v1.19 Key value parser (HO)
)
(C:\Users\Erik\AppData\Local\Programs\MiKTeX\tex/generic/kvdefinekeys\kvdefinek
eys.sty
Package: kvdefinekeys 2019-12-19 v1.6 Define keys (HO)
)
(C:\Users\Erik\AppData\Local\Programs\MiKTeX\tex/generic/pdfescape\pdfescape.st
y
Package: pdfescape 2019/12/09 v1.15 Implements pdfTeX's escape features (HO)
) (C:\Users\Erik\AppData\Local\Programs\MiKTeX\tex/latex/hycolor\hycolor.sty
Package: hycolor 2020-01-27 v1.10 Color options for hyperref/bookmark (HO)
)
(C:\Users\Erik\AppData\Local\Programs\MiKTeX\tex/latex/hyperref\nameref.sty
Package: nameref 2025-06-21 v2.57 Cross-referencing by name of section

(C:\Users\Erik\AppData\Local\Programs\MiKTeX\tex/latex/refcount\refcount.sty
Package: refcount 2019/12/15 v3.6 Data extraction from label references (HO)
)
(C:\Users\Erik\AppData\Local\Programs\MiKTeX\tex/generic/gettitlestring\gettitl
estring.sty
Package: gettitlestring 2019/12/15 v1.6 Cleanup title references (HO)

(C:\Users\Erik\AppData\Local\Programs\MiKTeX\tex/latex/kvoptions\kvoptions.sty
Package: kvoptions 2022-06-15 v3.15 Key value format for package options (HO)
))
\c@section@level=\count395
)
(C:\Users\Erik\AppData\Local\Programs\MiKTeX\tex/generic/stringenc\stringenc.st
y
Package: stringenc 2019/11/29 v1.12 Convert strings between diff. encodings (HO
)
)
\@linkdim=\dimen351
\Hy@linkcounter=\count396
\Hy@pagecounter=\count397
 (C:\Users\Erik\AppData\Local\Programs\MiKTeX\tex/latex/hyperref\pd1enc.def
File: pd1enc.def 2025-07-12 v7.01o Hyperref: PDFDocEncoding definition (HO)
Now handling font encoding PD1 ...
... no UTF-8 mapping file for font encoding PD1
)
(C:\Users\Erik\AppData\Local\Programs\MiKTeX\tex/generic/intcalc\intcalc.sty
Package: intcalc 2019/12/15 v1.3 Expandable calculations with integers (HO)
)
\Hy@SavedSpaceFactor=\count398

(C:\Users\Erik\AppData\Local\Programs\MiKTeX\tex/latex/hyperref\puenc.def
File: puenc.def 2025-07-12 v7.01o Hyperref: PDF Unicode definition (HO)
Now handling font encoding PU ...
... no UTF-8 mapping file for font encoding PU
)
Package hyperref Info: Hyper figures OFF on input line 4195.
Package hyperref Info: Link nesting OFF on input line 4200.
Package hyperref Info: Hyper index ON on input line 4203.
Package hyperref Info: Plain pages OFF on input line 4210.
Package hyperref Info: Backreferencing OFF on input line 4215.
Package hyperref Info: Implicit mode ON; LaTeX internals redefined.
Package hyperref Info: Bookmarks ON on input line 4462.
\c@Hy@tempcnt=\count399

(C:\Users\Erik\AppData\Local\Programs\MiKTeX\tex/latex/url\url.sty
\Urlmuskip=\muskip18
Package: url 2013/09/16  ver 3.4  Verb mode for urls, etc.
)
LaTeX Info: Redefining \url on input line 4801.
\XeTeXLinkMargin=\dimen352

(C:\Users\Erik\AppData\Local\Programs\MiKTeX\tex/generic/bitset\bitset.sty
Package: bitset 2019/12/09 v1.3 Handle bit-vector datatype (HO)

(C:\Users\Erik\AppData\Local\Programs\MiKTeX\tex/generic/bigintcalc\bigintcalc.
sty
Package: bigintcalc 2019/12/15 v1.5 Expandable calculations on big integers (HO
)
))
\Fld@menulength=\count400
\Field@Width=\dimen353
\Fld@charsize=\dimen354
Package hyperref Info: Hyper figures OFF on input line 6078.
Package hyperref Info: Link nesting OFF on input line 6083.
Package hyperref Info: Hyper index ON on input line 6086.
Package hyperref Info: backreferencing OFF on input line 6093.
Package hyperref Info: Link coloring OFF on input line 6098.
Package hyperref Info: Link coloring with OCG OFF on input line 6103.
Package hyperref Info: PDF/A mode OFF on input line 6108.
\Hy@abspage=\count401
\c@Item=\count402
\c@Hfootnote=\count403
)
Package hyperref Info: Driver (autodetected): hpdftex.

(C:\Users\Erik\AppData\Local\Programs\MiKTeX\tex/latex/hyperref\hpdftex.def
File: hpdftex.def 2025-07-12 v7.01o Hyperref driver for pdfTeX
\Fld@listcount=\count404
\c@bookmark@seq@number=\count405

(C:\Users\Erik\AppData\Local\Programs\MiKTeX\tex/latex/rerunfilecheck\rerunfile
check.sty
Package: rerunfilecheck 2025-06-21 v1.11 Rerun checks for auxiliary files (HO)

(C:\Users\Erik\AppData\Local\Programs\MiKTeX\tex/generic/uniquecounter\uniqueco
unter.sty
Package: uniquecounter 2019/12/15 v1.4 Provide unlimited unique counter (HO)
)
Package uniquecounter Info: New unique counter `rerunfilecheck' on input line 2
84.
)
\Hy@SectionHShift=\skip95
)
Package hyperref Info: Option `unicode' set `true' on input line 80.
Package hyperref Info: Option `pdftoolbar' set `true' on input line 80.
Package hyperref Info: Option `pdfmenubar' set `true' on input line 80.
Package hyperref Info: Option `pdffitwindow' set `false' on input line 80.
Package hyperref Info: Option `pdfnewwindow' set `true' on input line 80.
Package hyperref Info: Option `colorlinks' set `true' on input line 80.

(C:\Users\Erik\AppData\Local\Programs\MiKTeX\tex/latex/cleveref\cleveref.sty
Package: cleveref 2018/03/27 v0.21.4 Intelligent cross-referencing
Package cleveref Info: `hyperref' support loaded on input line 2370.
LaTeX Info: Redefining \cref on input line 2370.
LaTeX Info: Redefining \Cref on input line 2370.
LaTeX Info: Redefining \crefrange on input line 2370.
LaTeX Info: Redefining \Crefrange on input line 2370.
LaTeX Info: Redefining \cpageref on input line 2370.
LaTeX Info: Redefining \Cpageref on input line 2370.
LaTeX Info: Redefining \cpagerefrange on input line 2370.
LaTeX Info: Redefining \Cpagerefrange on input line 2370.
LaTeX Info: Redefining \labelcref on input line 2370.
LaTeX Info: Redefining \labelcpageref on input line 2370.
Package cleveref Info: `amsthm' support loaded on input line 3026.
)
==> First Aid for cleveref.sty applied!
) (C:\Users\Erik\AppData\Local\Programs\MiKTeX\tex/latex/float\float.sty
Package: float 2001/11/08 v1.3d Float enhancements (AL)
\c@float@type=\count406
\float@exts=\toks58
\float@box=\box104
\@float@everytoks=\toks59
\@floatcapt=\box105
)
(C:\Users\Erik\AppData\Local\Programs\MiKTeX\tex/latex/booktabs\booktabs.sty
Package: booktabs 2020/01/12 v1.61803398 Publication quality tables
\heavyrulewidth=\dimen355
\lightrulewidth=\dimen356
\cmidrulewidth=\dimen357
\belowrulesep=\dimen358
\belowbottomsep=\dimen359
\aboverulesep=\dimen360
\abovetopsep=\dimen361
\cmidrulesep=\dimen362
\cmidrulekern=\dimen363
\defaultaddspace=\dimen364
\@cmidla=\count407
\@cmidlb=\count408
\@aboverulesep=\dimen365
\@belowrulesep=\dimen366
\@thisruleclass=\count409
\@lastruleclass=\count410
\@thisrulewidth=\dimen367
)
(C:\Users\Erik\AppData\Local\Programs\MiKTeX\tex/latex/tools\bm.sty
Package: bm 2025/10/21 v1.2g Bold Symbol Support (DPC/FMi)
\symboldoperators=\mathgroup8
\symboldletters=\mathgroup9
\symboldsymbols=\mathgroup10
Package bm Info: No bold for \OMX/cmex/m/n, using \pmb.
Package bm Info: No bold for \U/msa/m/n, using \pmb.
Package bm Info: No bold for \U/msb/m/n, using \pmb.
Package bm Info: No bold for \U/rsfs/m/n, using \pmb.
\symboldugrf@m=\mathgroup11
LaTeX Font Info:    Redeclaring math alphabet \mathbf on input line 149.
)
Package translations Info: No language package found. I am going to use `englis
h' as default language. on input line 20.

(C:\Users\Erik\AppData\Local\Programs\MiKTeX\tex/latex/l3backend\l3backend-pdft
ex.def
File: l3backend-pdftex.def 2025-10-09 L3 backend support: PDF output (pdfTeX)
\l__color_backend_stack_int=\count411
) (EL3204_12.aux)
\openout1 = `EL3204_12.aux'.

LaTeX Font Info:    Checking defaults for OML/cmm/m/it on input line 20.
LaTeX Font Info:    ... okay on input line 20.
LaTeX Font Info:    Checking defaults for OMS/cmsy/m/n on input line 20.
LaTeX Font Info:    ... okay on input line 20.
LaTeX Font Info:    Checking defaults for OT1/cmr/m/n on input line 20.
LaTeX Font Info:    ... okay on input line 20.
LaTeX Font Info:    Checking defaults for T1/cmr/m/n on input line 20.
LaTeX Font Info:    ... okay on input line 20.
LaTeX Font Info:    Checking defaults for TS1/cmr/m/n on input line 20.
LaTeX Font Info:    ... okay on input line 20.
LaTeX Font Info:    Checking defaults for OMX/cmex/m/n on input line 20.
LaTeX Font Info:    ... okay on input line 20.
LaTeX Font Info:    Checking defaults for U/cmr/m/n on input line 20.
LaTeX Font Info:    ... okay on input line 20.
LaTeX Font Info:    Checking defaults for PD1/pdf/m/n on input line 20.
LaTeX Font Info:    ... okay on input line 20.
LaTeX Font Info:    Checking defaults for PU/pdf/m/n on input line 20.
LaTeX Font Info:    ... okay on input line 20.

(C:\Users\Erik\AppData\Local\Programs\MiKTeX\tex/context/base/mkii\supp-pdf.mki
i
[Loading MPS to PDF converter (version 2006.09.02).]
\scratchcounter=\count412
\scratchdimen=\dimen368
\scratchbox=\box106
\nofMPsegments=\count413
\nofMParguments=\count414
\everyMPshowfont=\toks60
\MPscratchCnt=\count415
\MPscratchDim=\dimen369
\MPnumerator=\count416
\makeMPintoPDFobject=\count417
\everyMPtoPDFconversion=\toks61
)
(C:\Users\Erik\AppData\Local\Programs\MiKTeX\tex/latex/epstopdf-pkg\epstopdf-ba
se.sty
Package: epstopdf-base 2020-01-24 v2.11 Base part for package epstopdf
Package epstopdf-base Info: Redefining graphics rule for `.eps' on input line 4
85.

(C:\Users\Erik\AppData\Local\Programs\MiKTeX\tex/latex/00miktex\epstopdf-sys.cf
g
File: epstopdf-sys.cfg 2021/03/18 v2.0 Configuration of epstopdf for MiKTeX
))
Package caption Info: Begin \AtBeginDocument code.
Package caption Info: float package is loaded.
Package caption Info: hyperref package is loaded.
Package caption Info: End \AtBeginDocument code.

*geometry* driver: auto-detecting
*geometry* detected driver: pdftex
*geometry* verbose mode - [ preamble ] result:
* driver: pdftex
* paper: letterpaper
* layout: <same size as paper>
* layoutoffset:(h,v)=(0.0pt,0.0pt)
* modes: 
* h-part:(L,W,R)=(42.67912pt, 528.93675pt, 42.67912pt)
* v-part:(T,H,B)=(28.45274pt, 671.11987pt, 95.39737pt)
* \paperwidth=614.295pt
* \paperheight=794.96999pt
* \textwidth=528.93675pt
* \textheight=671.11987pt
* \oddsidemargin=-29.59087pt
* \evensidemargin=-29.59087pt
* \topmargin=-73.81725pt
* \headheight=15.0pt
* \headsep=15.0pt
* \topskip=11.0pt
* \footskip=29.0pt
* \marginparwidth=36.135pt
* \marginparsep=5.0pt
* \columnsep=10.0pt
* \skip\footins=10.0pt plus 4.0pt minus 2.0pt
* \hoffset=0.0pt
* \voffset=0.0pt
* \mag=1000
* \@twocolumnfalse
* \@twosidefalse
* \@mparswitchfalse
* \@reversemarginfalse
* (1in=72.27pt=25.4mm, 1cm=28.453pt)

Package pgfplots notification 'compat/show suggested version=true': you might b
enefit from \pgfplotsset{compat=1.18} (current compat level: 1.15).


(C:\Users\Erik\AppData\Local\Programs\MiKTeX\tex/latex/translations/dicts\trans
lations-basic-dictionary-english.trsl
File: translations-basic-dictionary-english.trsl (english translation file `tra
nslations-basic-dictionary')
)
Package translations Info: loading dictionary `translations-basic-dictionary' f
or `english'. on input line 20.
Package hyperref Info: Link coloring ON on input line 20.
 (EL3204_12.out) (EL3204_12.out)
\@outlinefile=\write4
\openout4 = `EL3204_12.out'.

<../fcfm_die.pdf, id=6, 737.75626pt x 238.8925pt>
File: ../fcfm_die.pdf Graphic file (type pdf)
<use ../fcfm_die.pdf>
Package pdftex.def Info: ../fcfm_die.pdf  used on input line 39.
(pdftex.def)             Requested size: 264.46837pt x 85.6367pt.


LaTeX Font Warning: Font shape `OT1/cmr/m/n' in size <28> not available
(Font)              size <24.88> substituted on input line 52.


LaTeX Font Warning: Font shape `OT1/cmr/bx/n' in size <28> not available
(Font)              size <24.88> substituted on input line 52.


LaTeX Font Warning: Font shape `OT1/cmr/m/n' in size <280> not available
(Font)              size <24.88> substituted on input line 80.

LaTeX Font Info:    Calculating math sizes for size <280> on input line 80.

LaTeX Font Warning: Font shape `OT1/cmr/m/n' in size <195.99915> not available
(Font)              size <24.88> substituted on input line 80.


LaTeX Font Warning: Font shape `OT1/cmr/m/n' in size <140> not available
(Font)              size <24.88> substituted on input line 80.


LaTeX Font Warning: Font shape `OML/cmm/m/it' in size <280> not available
(Font)              size <24.88> substituted on input line 80.


LaTeX Font Warning: Font shape `OML/cmm/m/it' in size <195.99915> not available

(Font)              size <24.88> substituted on input line 80.


LaTeX Font Warning: Font shape `OML/cmm/m/it' in size <140> not available
(Font)              size <24.88> substituted on input line 80.


LaTeX Font Warning: Font shape `OMS/cmsy/m/n' in size <280> not available
(Font)              size <24.88> substituted on input line 80.


LaTeX Font Warning: Font shape `OMS/cmsy/m/n' in size <195.99915> not available

(Font)              size <24.88> substituted on input line 80.


LaTeX Font Warning: Font shape `OMS/cmsy/m/n' in size <140> not available
(Font)              size <24.88> substituted on input line 80.

LaTeX Font Info:    Trying to load font information for U+msa on input line 80.

(C:\Users\Erik\AppData\Local\Programs\MiKTeX\tex/latex/amsfonts\umsa.fd
File: umsa.fd 2013/01/14 v3.01 AMS symbols A
)
LaTeX Font Info:    Trying to load font information for U+msb on input line 80.


(C:\Users\Erik\AppData\Local\Programs\MiKTeX\tex/latex/amsfonts\umsb.fd
File: umsb.fd 2013/01/14 v3.01 AMS symbols B
)
LaTeX Font Info:    Trying to load font information for U+rsfs on input line 80
.

(C:\Users\Erik\AppData\Local\Programs\MiKTeX\tex/latex/jknappen\ursfs.fd
File: ursfs.fd 1998/03/24 rsfs font definition file (jk)
)

LaTeX Font Warning: Font shape `U/rsfs/m/n' in size <280> not available
(Font)              size <24.88> substituted on input line 80.


LaTeX Font Warning: Font shape `U/rsfs/m/n' in size <195.99915> not available
(Font)              size <24.88> substituted on input line 80.


LaTeX Font Warning: Font shape `U/rsfs/m/n' in size <140> not available
(Font)              size <24.88> substituted on input line 80.


LaTeX Font Warning: Font shape `OT1/cmr/bx/n' in size <280> not available
(Font)              size <24.88> substituted on input line 80.


LaTeX Font Warning: Font shape `OT1/cmr/bx/n' in size <195.99915> not available

(Font)              size <24.88> substituted on input line 80.


LaTeX Font Warning: Font shape `OT1/cmr/bx/n' in size <140> not available
(Font)              size <24.88> substituted on input line 80.


LaTeX Font Warning: Font shape `OML/cmm/b/it' in size <280> not available
(Font)              size <24.88> substituted on input line 80.


LaTeX Font Warning: Font shape `OML/cmm/b/it' in size <195.99915> not available

(Font)              size <24.88> substituted on input line 80.


LaTeX Font Warning: Font shape `OML/cmm/b/it' in size <140> not available
(Font)              size <24.88> substituted on input line 80.


LaTeX Font Warning: Font shape `OMS/cmsy/b/n' in size <280> not available
(Font)              size <24.88> substituted on input line 80.


LaTeX Font Warning: Font shape `OMS/cmsy/b/n' in size <195.99915> not available

(Font)              size <24.88> substituted on input line 80.


LaTeX Font Warning: Font shape `OMS/cmsy/b/n' in size <140> not available
(Font)              size <24.88> substituted on input line 80.

[1{C:/Users/Erik/AppData/Local/MiKTeX/fonts/map/pdftex/pdftex.map}

 <../fcfm_die.pdf>] [2]
Overfull \hbox (9.34471pt too wide) in paragraph at lines 167--168
[]\OT1/cmr/m/n/10.95 Esta propiedad re-fleja que m^^Sas ob-ser-va-ciones in-de-
pen-di-entes pro-por-cio-nan m^^Sas in-for-maci^^Son so-bre el par^^Sametro. 
 []

[3] [4] [5] [6] [7]
Underfull \vbox (badness 1968) detected at line 457
 []

[8] [9] [10] [11] [12] [13]
This exam contains 3 questions with 0 parts, 0 subparts, and 0 subsubparts.
This exam has a total of 0 points.
This exam has a total of 0 bonus points.
(EL3204_12.aux)
 ***********
LaTeX2e <2025-11-01>
L3 programming layer <2025-10-24>
 ***********


LaTeX Font Warning: Size substitutions with differences
(Font)              up to 255.12pt have occurred.

Package rerunfilecheck Info: File `EL3204_12.out' has not changed.
(rerunfilecheck)             Checksum: D41D8CD98F00B204E9800998ECF8427E;0.
 ) 
Here is how much of TeX's memory you used:
 61764 strings out of 467870
 1593384 string characters out of 5418838
 2398458 words of memory out of 5000000
 89857 multiletter control sequences out of 15000+600000
 647829 words of font info for 116 fonts, out of 8000000 for 9000
 1141 hyphenation exceptions out of 8191
 89i,14n,97p,912b,1239s stack positions out of 10000i,1000n,20000p,200000b,200000s
 <C:\Users\Erik\AppData\Local\MiKTeX\fonts/pk/ljfour/jknappen/ec/dpi600\tcrm1
095.pk><C:/Users/Erik/AppData/Local/Programs/MiKTeX/fonts/type1/public/amsfonts
/cm/cmbx10.pfb><C:/Users/Erik/AppData/Local/Programs/MiKTeX/fonts/type1/public/
amsfonts/cm/cmbx12.pfb><C:/Users/Erik/AppData/Local/Programs/MiKTeX/fonts/type1
/public/amsfonts/cm/cmex10.pfb><C:/Users/Erik/AppData/Local/Programs/MiKTeX/fon
ts/type1/public/amsfonts/cmextra/cmex8.pfb><C:/Users/Erik/AppData/Local/Program
s/MiKTeX/fonts/type1/public/amsfonts/cm/cmmi10.pfb><C:/Users/Erik/AppData/Local
/Programs/MiKTeX/fonts/type1/public/amsfonts/cm/cmmi12.pfb><C:/Users/Erik/AppDa
ta/Local/Programs/MiKTeX/fonts/type1/public/amsfonts/cm/cmmi6.pfb><C:/Users/Eri
k/AppData/Local/Programs/MiKTeX/fonts/type1/public/amsfonts/cm/cmmi8.pfb><C:/Us
ers/Erik/AppData/Local/Programs/MiKTeX/fonts/type1/public/amsfonts/cm/cmr10.pfb
><C:/Users/Erik/AppData/Local/Programs/MiKTeX/fonts/type1/public/amsfonts/cm/cm
r12.pfb><C:/Users/Erik/AppData/Local/Programs/MiKTeX/fonts/type1/public/amsfont
s/cm/cmr17.pfb><C:/Users/Erik/AppData/Local/Programs/MiKTeX/fonts/type1/public/
amsfonts/cm/cmr6.pfb><C:/Users/Erik/AppData/Local/Programs/MiKTeX/fonts/type1/p
ublic/amsfonts/cm/cmr8.pfb><C:/Users/Erik/AppData/Local/Programs/MiKTeX/fonts/t
ype1/public/amsfonts/cm/cmsy10.pfb><C:/Users/Erik/AppData/Local/Programs/MiKTeX
/fonts/type1/public/amsfonts/cm/cmsy6.pfb><C:/Users/Erik/AppData/Local/Programs
/MiKTeX/fonts/type1/public/amsfonts/cm/cmsy8.pfb><C:/Users/Erik/AppData/Local/P
rograms/MiKTeX/fonts/type1/public/amsfonts/cm/cmti10.pfb><C:/Users/Erik/AppData
/Local/Programs/MiKTeX/fonts/type1/public/amsfonts/cm/cmti12.pfb><C:/Users/Erik
/AppData/Local/Programs/MiKTeX/fonts/type1/public/amsfonts/symbols/msbm10.pfb>
Output written on EL3204_12.pdf (13 pages, 344943 bytes).
PDF statistics:
 209 PDF objects out of 1000 (max. 8388607)
 45 named destinations out of 1000 (max. 500000)
 18 words of extra memory for PDF output out of 10000 (max. 10000000)

